PyNaCl is not installed, voice will NOT be supported
on_ready has successfully been registered as an event
on_message has successfully been registered as an event
on_message_edit has successfully been registered as an event
on_command has successfully been registered as an event
on_command_error has successfully been registered as an event
on_server_join has successfully been registered as an event
on_server_remove has successfully been registered as an event
logging in using static token
Created websocket connected to wss://gateway.discord.gg?encoding=json&v=6
sent the identify payload to create the websocket
Failed to load plugin fli:
    ModuleNotFoundError: No module named 'plugins.fli'
Failed to load plugin google:
    ClientException: extension does not have a setup function
Failed to load plugin misc:
    ModuleNotFoundError: No module named 'bfkac'
Failed to load plugin reddit:
    ModuleNotFoundError: No module named 'bfkac'
Failed to load plugin urban:
    ModuleNotFoundError: No module named 'bfkac'
PyNaCl is not installed, voice will NOT be supported
on_ready has successfully been registered as an event
on_message has successfully been registered as an event
on_message_edit has successfully been registered as an event
on_command has successfully been registered as an event
on_command_error has successfully been registered as an event
on_server_join has successfully been registered as an event
on_server_remove has successfully been registered as an event
logging in using static token
Created websocket connected to wss://gateway.discord.gg?encoding=json&v=6
sent the identify payload to create the websocket
Failed to load plugin fli:
    ModuleNotFoundError: No module named 'plugins.fli'
Failed to load plugin google:
    ClientException: extension does not have a setup function
Failed to load plugin misc:
    ModuleNotFoundError: No module named 'bfkac'
Failed to load plugin reddit:
    ModuleNotFoundError: No module named 'bfkac'
Failed to load plugin urban:
    ModuleNotFoundError: No module named 'bfkac'
------------------------STATUS------------------------
2017-09-13 18:39:03.629597
Infosphere v0.0.1
Logged in as infosphere-bot#5530 (357582570126442496)
Plugins: 
------------------------STATUS------------------------
PyNaCl is not installed, voice will NOT be supported
on_ready has successfully been registered as an event
on_message has successfully been registered as an event
on_message_edit has successfully been registered as an event
on_command has successfully been registered as an event
on_command_error has successfully been registered as an event
on_server_join has successfully been registered as an event
on_server_remove has successfully been registered as an event
logging in using static token
Created websocket connected to wss://gateway.discord.gg?encoding=json&v=6
sent the identify payload to create the websocket
Failed to load plugin fli:
    ModuleNotFoundError: No module named 'plugins.fli'
Failed to load plugin google:
    SyntaxError: invalid syntax (google.py, line 119)
Failed to load plugin misc:
    ModuleNotFoundError: No module named 'bfkac'
Failed to load plugin reddit:
    ModuleNotFoundError: No module named 'bfkac'
Failed to load plugin urban:
    ModuleNotFoundError: No module named 'bfkac'
------------------------STATUS------------------------
2017-09-13 18:39:32.511155
Infosphere v0.0.1
Logged in as infosphere-bot#5530 (357582570126442496)
Plugins: 
------------------------STATUS------------------------
PyNaCl is not installed, voice will NOT be supported
on_ready has successfully been registered as an event
on_message has successfully been registered as an event
on_message_edit has successfully been registered as an event
on_command has successfully been registered as an event
on_command_error has successfully been registered as an event
on_server_join has successfully been registered as an event
on_server_remove has successfully been registered as an event
logging in using static token
Created websocket connected to wss://gateway.discord.gg?encoding=json&v=6
sent the identify payload to create the websocket
Failed to load plugin fli:
    ModuleNotFoundError: No module named 'plugins.fli'
Failed to load plugin misc:
    ModuleNotFoundError: No module named 'bfkac'
Failed to load plugin reddit:
    ModuleNotFoundError: No module named 'bfkac'
Failed to load plugin urban:
    ModuleNotFoundError: No module named 'bfkac'
------------------------STATUS------------------------
2017-09-13 18:39:50.062540
Infosphere v0.0.1
Logged in as infosphere-bot#5530 (357582570126442496)
Plugins: google
------------------------STATUS------------------------
[infosphere-test - #general] <Orevarc#8153>: !animate test
[COMMAND] `!animate test` by `Orevarc#8153` in `[infosphere-test] - #general`
PyNaCl is not installed, voice will NOT be supported
on_ready has successfully been registered as an event
on_message has successfully been registered as an event
on_message_edit has successfully been registered as an event
on_command has successfully been registered as an event
on_command_error has successfully been registered as an event
on_server_join has successfully been registered as an event
on_server_remove has successfully been registered as an event
logging in using static token
Created websocket connected to wss://gateway.discord.gg?encoding=json&v=6
sent the identify payload to create the websocket
Failed to load plugin fli:
    ModuleNotFoundError: No module named 'plugins.fli'
Failed to load plugin misc:
    ModuleNotFoundError: No module named 'bfkac'
Failed to load plugin reddit:
    ModuleNotFoundError: No module named 'bfkac'
Failed to load plugin urban:
    ModuleNotFoundError: No module named 'bfkac'
------------------------STATUS------------------------
2017-09-13 18:40:40.337411
Infosphere v0.0.1
Logged in as infosphere-bot#5530 (357582570126442496)
Plugins: google
------------------------STATUS------------------------
[infosphere-test - #general] <Orevarc#8153>: !animate test
[COMMAND] `!animate test` by `Orevarc#8153` in `[infosphere-test] - #general`
PyNaCl is not installed, voice will NOT be supported
on_ready has successfully been registered as an event
on_message has successfully been registered as an event
on_message_edit has successfully been registered as an event
on_command has successfully been registered as an event
on_command_error has successfully been registered as an event
on_server_join has successfully been registered as an event
on_server_remove has successfully been registered as an event
logging in using static token
Created websocket connected to wss://gateway.discord.gg?encoding=json&v=6
sent the identify payload to create the websocket
Failed to load plugin fli:
    ModuleNotFoundError: No module named 'plugins.fli'
Failed to load plugin misc:
    ModuleNotFoundError: No module named 'bfkac'
Failed to load plugin reddit:
    ModuleNotFoundError: No module named 'bfkac'
Failed to load plugin urban:
    ModuleNotFoundError: No module named 'bfkac'
------------------------STATUS------------------------
2017-09-13 18:41:45.844255
Infosphere v0.0.1
Logged in as infosphere-bot#5530 (357582570126442496)
Plugins: google
------------------------STATUS------------------------
[infosphere-test - #general] <Orevarc#8153>: !animate test
[COMMAND] `!animate test` by `Orevarc#8153` in `[infosphere-test] - #general`
PyNaCl is not installed, voice will NOT be supported
on_ready has successfully been registered as an event
on_message has successfully been registered as an event
on_message_edit has successfully been registered as an event
on_command has successfully been registered as an event
on_command_error has successfully been registered as an event
on_server_join has successfully been registered as an event
on_server_remove has successfully been registered as an event
logging in using static token
Created websocket connected to wss://gateway.discord.gg?encoding=json&v=6
sent the identify payload to create the websocket
Failed to load plugin fli:
    ModuleNotFoundError: No module named 'plugins.fli'
Failed to load plugin misc:
    ModuleNotFoundError: No module named 'bfkac'
Failed to load plugin reddit:
    ModuleNotFoundError: No module named 'bfkac'
Failed to load plugin urban:
    ModuleNotFoundError: No module named 'bfkac'
------------------------STATUS------------------------
2017-09-13 18:42:15.768971
Infosphere v0.0.1
Logged in as infosphere-bot#5530 (357582570126442496)
Plugins: google
------------------------STATUS------------------------
[infosphere-test - #general] <Orevarc#8153>: !animate test
[COMMAND] `!animate test` by `Orevarc#8153` in `[infosphere-test] - #general`
PyNaCl is not installed, voice will NOT be supported
on_ready has successfully been registered as an event
on_message has successfully been registered as an event
on_message_edit has successfully been registered as an event
on_command has successfully been registered as an event
on_command_error has successfully been registered as an event
on_server_join has successfully been registered as an event
on_server_remove has successfully been registered as an event
logging in using static token
Created websocket connected to wss://gateway.discord.gg?encoding=json&v=6
sent the identify payload to create the websocket
Failed to load plugin fli:
    ModuleNotFoundError: No module named 'plugins.fli'
Failed to load plugin misc:
    ModuleNotFoundError: No module named 'bfkac'
Failed to load plugin reddit:
    ModuleNotFoundError: No module named 'bfkac'
Failed to load plugin urban:
    ModuleNotFoundError: No module named 'bfkac'
------------------------STATUS------------------------
2017-09-13 18:43:31.981422
Infosphere v0.0.1
Logged in as infosphere-bot#5530 (357582570126442496)
Plugins: google
------------------------STATUS------------------------
[infosphere-test - #general] <Orevarc#8153>: !animate test
[COMMAND] `!animate test` by `Orevarc#8153` in `[infosphere-test] - #general`
PyNaCl is not installed, voice will NOT be supported
on_ready has successfully been registered as an event
on_message has successfully been registered as an event
on_message_edit has successfully been registered as an event
on_command has successfully been registered as an event
on_command_error has successfully been registered as an event
on_server_join has successfully been registered as an event
on_server_remove has successfully been registered as an event
logging in using static token
Created websocket connected to wss://gateway.discord.gg?encoding=json&v=6
sent the identify payload to create the websocket
Failed to load plugin fli:
    ModuleNotFoundError: No module named 'plugins.fli'
Failed to load plugin misc:
    ModuleNotFoundError: No module named 'bfkac'
Failed to load plugin reddit:
    ModuleNotFoundError: No module named 'bfkac'
Failed to load plugin urban:
    ModuleNotFoundError: No module named 'bfkac'
------------------------STATUS------------------------
2017-09-13 18:45:31.887320
Infosphere v0.0.1
Logged in as infosphere-bot#5530 (357582570126442496)
Plugins: google
------------------------STATUS------------------------
[infosphere-test - #general] <Orevarc#8153>: !animate test
[COMMAND] `!animate test` by `Orevarc#8153` in `[infosphere-test] - #general`
PyNaCl is not installed, voice will NOT be supported
on_ready has successfully been registered as an event
on_message has successfully been registered as an event
on_message_edit has successfully been registered as an event
on_command has successfully been registered as an event
on_command_error has successfully been registered as an event
on_server_join has successfully been registered as an event
on_server_remove has successfully been registered as an event
logging in using static token
Created websocket connected to wss://gateway.discord.gg?encoding=json&v=6
sent the identify payload to create the websocket
Failed to load plugin fli:
    ModuleNotFoundError: No module named 'plugins.fli'
Failed to load plugin google:
    SyntaxError: invalid syntax (google.py, line 108)
Failed to load plugin misc:
    ModuleNotFoundError: No module named 'bfkac'
Failed to load plugin reddit:
    ModuleNotFoundError: No module named 'bfkac'
Failed to load plugin urban:
    ModuleNotFoundError: No module named 'bfkac'
------------------------STATUS------------------------
2017-09-13 18:49:59.414123
Infosphere v0.0.1
Logged in as infosphere-bot#5530 (357582570126442496)
Plugins: 
------------------------STATUS------------------------
[infosphere-test - #general] <Orevarc#8153>: !animate test
PyNaCl is not installed, voice will NOT be supported
on_ready has successfully been registered as an event
on_message has successfully been registered as an event
on_message_edit has successfully been registered as an event
on_command has successfully been registered as an event
on_command_error has successfully been registered as an event
on_server_join has successfully been registered as an event
on_server_remove has successfully been registered as an event
logging in using static token
Created websocket connected to wss://gateway.discord.gg?encoding=json&v=6
sent the identify payload to create the websocket
Failed to load plugin fli:
    ModuleNotFoundError: No module named 'plugins.fli'
Failed to load plugin google:
    SyntaxError: invalid syntax (google.py, line 109)
Failed to load plugin misc:
    ModuleNotFoundError: No module named 'bfkac'
Failed to load plugin reddit:
    ModuleNotFoundError: No module named 'bfkac'
Failed to load plugin urban:
    ModuleNotFoundError: No module named 'bfkac'
------------------------STATUS------------------------
2017-09-13 18:51:00.908685
Infosphere v0.0.1
Logged in as infosphere-bot#5530 (357582570126442496)
Plugins: 
------------------------STATUS------------------------
PyNaCl is not installed, voice will NOT be supported
on_ready has successfully been registered as an event
on_message has successfully been registered as an event
on_message_edit has successfully been registered as an event
on_command has successfully been registered as an event
on_command_error has successfully been registered as an event
on_server_join has successfully been registered as an event
on_server_remove has successfully been registered as an event
logging in using static token
Created websocket connected to wss://gateway.discord.gg?encoding=json&v=6
sent the identify payload to create the websocket
Failed to load plugin fli:
    ModuleNotFoundError: No module named 'plugins.fli'
Failed to load plugin misc:
    ModuleNotFoundError: No module named 'bfkac'
Failed to load plugin reddit:
    ModuleNotFoundError: No module named 'bfkac'
Failed to load plugin urban:
    ModuleNotFoundError: No module named 'bfkac'
------------------------STATUS------------------------
2017-09-13 18:51:13.404069
Infosphere v0.0.1
Logged in as infosphere-bot#5530 (357582570126442496)
Plugins: google
------------------------STATUS------------------------
[infosphere-test - #general] <Orevarc#8153>: !animate test
[COMMAND] `!animate test` by `Orevarc#8153` in `[infosphere-test] - #general`
PyNaCl is not installed, voice will NOT be supported
on_ready has successfully been registered as an event
on_message has successfully been registered as an event
on_message_edit has successfully been registered as an event
on_command has successfully been registered as an event
on_command_error has successfully been registered as an event
on_server_join has successfully been registered as an event
on_server_remove has successfully been registered as an event
logging in using static token
Created websocket connected to wss://gateway.discord.gg?encoding=json&v=6
sent the identify payload to create the websocket
Failed to load plugin fli:
    ModuleNotFoundError: No module named 'plugins.fli'
Failed to load plugin misc:
    ModuleNotFoundError: No module named 'bfkac'
Failed to load plugin reddit:
    ModuleNotFoundError: No module named 'bfkac'
Failed to load plugin urban:
    ModuleNotFoundError: No module named 'bfkac'
------------------------STATUS------------------------
2017-09-13 18:51:41.378322
Infosphere v0.0.1
Logged in as infosphere-bot#5530 (357582570126442496)
Plugins: google
------------------------STATUS------------------------
[infosphere-test - #general] <Orevarc#8153>: !animate test
[COMMAND] `!animate test` by `Orevarc#8153` in `[infosphere-test] - #general`
PyNaCl is not installed, voice will NOT be supported
on_ready has successfully been registered as an event
on_message has successfully been registered as an event
on_message_edit has successfully been registered as an event
on_command has successfully been registered as an event
on_command_error has successfully been registered as an event
on_server_join has successfully been registered as an event
on_server_remove has successfully been registered as an event
logging in using static token
Created websocket connected to wss://gateway.discord.gg?encoding=json&v=6
sent the identify payload to create the websocket
Failed to load plugin fli:
    ModuleNotFoundError: No module named 'plugins.fli'
Failed to load plugin misc:
    ModuleNotFoundError: No module named 'bfkac'
Failed to load plugin reddit:
    ModuleNotFoundError: No module named 'bfkac'
Failed to load plugin urban:
    ModuleNotFoundError: No module named 'bfkac'
------------------------STATUS------------------------
2017-09-13 18:53:56.840397
Infosphere v0.0.1
Logged in as infosphere-bot#5530 (357582570126442496)
Plugins: google
------------------------STATUS------------------------
[infosphere-test - #general] <Orevarc#8153>: !animate test
[COMMAND] `!animate test` by `Orevarc#8153` in `[infosphere-test] - #general`
PyNaCl is not installed, voice will NOT be supported
on_ready has successfully been registered as an event
on_message has successfully been registered as an event
on_message_edit has successfully been registered as an event
on_command has successfully been registered as an event
on_command_error has successfully been registered as an event
on_server_join has successfully been registered as an event
on_server_remove has successfully been registered as an event
logging in using static token
Created websocket connected to wss://gateway.discord.gg?encoding=json&v=6
sent the identify payload to create the websocket
Failed to load plugin fli:
    ModuleNotFoundError: No module named 'plugins.fli'
Failed to load plugin misc:
    ModuleNotFoundError: No module named 'bfkac'
Failed to load plugin reddit:
    ModuleNotFoundError: No module named 'bfkac'
Failed to load plugin urban:
    ModuleNotFoundError: No module named 'bfkac'
------------------------STATUS------------------------
2017-09-13 18:54:28.643966
Infosphere v0.0.1
Logged in as infosphere-bot#5530 (357582570126442496)
Plugins: google
------------------------STATUS------------------------
[infosphere-test - #general] <Orevarc#8153>: !animate test
[COMMAND] `!animate test` by `Orevarc#8153` in `[infosphere-test] - #general`
PyNaCl is not installed, voice will NOT be supported
on_ready has successfully been registered as an event
on_message has successfully been registered as an event
on_message_edit has successfully been registered as an event
on_command has successfully been registered as an event
on_command_error has successfully been registered as an event
on_server_join has successfully been registered as an event
on_server_remove has successfully been registered as an event
logging in using static token
Created websocket connected to wss://gateway.discord.gg?encoding=json&v=6
sent the identify payload to create the websocket
Failed to load plugin fli:
    ModuleNotFoundError: No module named 'plugins.fli'
Failed to load plugin misc:
    ModuleNotFoundError: No module named 'bfkac'
Failed to load plugin reddit:
    ModuleNotFoundError: No module named 'bfkac'
Failed to load plugin urban:
    ModuleNotFoundError: No module named 'bfkac'
------------------------STATUS------------------------
2017-09-13 18:55:04.701702
Infosphere v0.0.1
Logged in as infosphere-bot#5530 (357582570126442496)
Plugins: google
------------------------STATUS------------------------
[infosphere-test - #general] <Orevarc#8153>: !animate test
[COMMAND] `!animate test` by `Orevarc#8153` in `[infosphere-test] - #general`
PyNaCl is not installed, voice will NOT be supported
on_ready has successfully been registered as an event
on_message has successfully been registered as an event
on_message_edit has successfully been registered as an event
on_command has successfully been registered as an event
on_command_error has successfully been registered as an event
on_server_join has successfully been registered as an event
on_server_remove has successfully been registered as an event
logging in using static token
Created websocket connected to wss://gateway.discord.gg?encoding=json&v=6
sent the identify payload to create the websocket
Failed to load plugin fli:
    ModuleNotFoundError: No module named 'plugins.fli'
Failed to load plugin misc:
    ModuleNotFoundError: No module named 'bfkac'
Failed to load plugin reddit:
    ModuleNotFoundError: No module named 'bfkac'
Failed to load plugin urban:
    ModuleNotFoundError: No module named 'bfkac'
------------------------STATUS------------------------
2017-09-13 18:59:40.456718
Infosphere v0.0.1
Logged in as infosphere-bot#5530 (357582570126442496)
Plugins: google
------------------------STATUS------------------------
[infosphere-test - #general] <Orevarc#8153>: !animate test
[COMMAND] `!animate test` by `Orevarc#8153` in `[infosphere-test] - #general`
PyNaCl is not installed, voice will NOT be supported
on_ready has successfully been registered as an event
on_message has successfully been registered as an event
on_message_edit has successfully been registered as an event
on_command has successfully been registered as an event
on_command_error has successfully been registered as an event
on_server_join has successfully been registered as an event
on_server_remove has successfully been registered as an event
logging in using static token
Created websocket connected to wss://gateway.discord.gg?encoding=json&v=6
sent the identify payload to create the websocket
Failed to load plugin fli:
    ModuleNotFoundError: No module named 'plugins.fli'
Failed to load plugin misc:
    ModuleNotFoundError: No module named 'bfkac'
Failed to load plugin reddit:
    ModuleNotFoundError: No module named 'bfkac'
Failed to load plugin urban:
    ModuleNotFoundError: No module named 'bfkac'
------------------------STATUS------------------------
2017-09-13 19:03:32.156824
Infosphere v0.0.1
Logged in as infosphere-bot#5530 (357582570126442496)
Plugins: google
------------------------STATUS------------------------
[infosphere-test - #general] <Orevarc#8153>: !animate test
[COMMAND] `!animate test` by `Orevarc#8153` in `[infosphere-test] - #general`
PyNaCl is not installed, voice will NOT be supported
on_ready has successfully been registered as an event
on_message has successfully been registered as an event
on_message_edit has successfully been registered as an event
on_command has successfully been registered as an event
on_command_error has successfully been registered as an event
on_server_join has successfully been registered as an event
on_server_remove has successfully been registered as an event
logging in using static token
Created websocket connected to wss://gateway.discord.gg?encoding=json&v=6
sent the identify payload to create the websocket
Failed to load plugin fli:
    ModuleNotFoundError: No module named 'plugins.fli'
Failed to load plugin misc:
    ModuleNotFoundError: No module named 'bfkac'
Failed to load plugin reddit:
    ModuleNotFoundError: No module named 'bfkac'
Failed to load plugin urban:
    ModuleNotFoundError: No module named 'bfkac'
------------------------STATUS------------------------
2017-09-13 19:04:34.932482
Infosphere v0.0.1
Logged in as infosphere-bot#5530 (357582570126442496)
Plugins: google
------------------------STATUS------------------------
[infosphere-test - #general] <Orevarc#8153>: !animate test
[COMMAND] `!animate test` by `Orevarc#8153` in `[infosphere-test] - #general`
PyNaCl is not installed, voice will NOT be supported
on_ready has successfully been registered as an event
on_message has successfully been registered as an event
on_message_edit has successfully been registered as an event
on_command has successfully been registered as an event
on_command_error has successfully been registered as an event
on_server_join has successfully been registered as an event
on_server_remove has successfully been registered as an event
logging in using static token
Created websocket connected to wss://gateway.discord.gg?encoding=json&v=6
sent the identify payload to create the websocket
Failed to load plugin fli:
    ModuleNotFoundError: No module named 'plugins.fli'
Failed to load plugin misc:
    ModuleNotFoundError: No module named 'bfkac'
Failed to load plugin reddit:
    ModuleNotFoundError: No module named 'bfkac'
Failed to load plugin urban:
    ModuleNotFoundError: No module named 'bfkac'
------------------------STATUS------------------------
2017-09-13 19:05:32.180597
Infosphere v0.0.1
Logged in as infosphere-bot#5530 (357582570126442496)
Plugins: google
------------------------STATUS------------------------
[infosphere-test - #general] <Orevarc#8153>: !animate test
[COMMAND] `!animate test` by `Orevarc#8153` in `[infosphere-test] - #general`
Future exception was never retrieved
future: <Future finished exception=NameError("name 'requests' is not defined",)>
Traceback (most recent call last):
  File "/Users/Raiden/anaconda/envs/bbytes/lib/python3.6/concurrent/futures/thread.py", line 55, in run
    result = self.fn(*self.args, **self.kwargs)
  File "/Users/Raiden/Documents/apps/personal/infosphere/plugins/google.py", line 141, in func
    return requests.get(GOOGLE_URL, params=params)
NameError: name 'requests' is not defined
PyNaCl is not installed, voice will NOT be supported
on_ready has successfully been registered as an event
on_message has successfully been registered as an event
on_message_edit has successfully been registered as an event
on_command has successfully been registered as an event
on_command_error has successfully been registered as an event
on_server_join has successfully been registered as an event
on_server_remove has successfully been registered as an event
logging in using static token
Created websocket connected to wss://gateway.discord.gg?encoding=json&v=6
sent the identify payload to create the websocket
Failed to load plugin fli:
    ModuleNotFoundError: No module named 'plugins.fli'
Failed to load plugin misc:
    ModuleNotFoundError: No module named 'bfkac'
Failed to load plugin reddit:
    ModuleNotFoundError: No module named 'bfkac'
Failed to load plugin urban:
    ModuleNotFoundError: No module named 'bfkac'
------------------------STATUS------------------------
2017-09-13 19:06:00.817138
Infosphere v0.0.1
Logged in as infosphere-bot#5530 (357582570126442496)
Plugins: google
------------------------STATUS------------------------
[infosphere-test - #general] <Orevarc#8153>: !animate test
[COMMAND] `!animate test` by `Orevarc#8153` in `[infosphere-test] - #general`
Starting new HTTPS connection (1): www.googleapis.com
[infosphere-test - #general] <Orevarc#8153>: !animate test
[COMMAND] `!animate test` by `Orevarc#8153` in `[infosphere-test] - #general`
Starting new HTTPS connection (1): www.googleapis.com
PyNaCl is not installed, voice will NOT be supported
on_ready has successfully been registered as an event
on_message has successfully been registered as an event
on_message_edit has successfully been registered as an event
on_command has successfully been registered as an event
on_command_error has successfully been registered as an event
on_server_join has successfully been registered as an event
on_server_remove has successfully been registered as an event
logging in using static token
Created websocket connected to wss://gateway.discord.gg?encoding=json&v=6
sent the identify payload to create the websocket
Failed to load plugin fli:
    ModuleNotFoundError: No module named 'plugins.fli'
Failed to load plugin misc:
    ModuleNotFoundError: No module named 'bfkac'
Failed to load plugin reddit:
    ModuleNotFoundError: No module named 'bfkac'
Failed to load plugin urban:
    ModuleNotFoundError: No module named 'bfkac'
------------------------STATUS------------------------
2017-09-13 19:06:50.029632
Infosphere v0.0.1
Logged in as infosphere-bot#5530 (357582570126442496)
Plugins: google
------------------------STATUS------------------------
[infosphere-test - #general] <Orevarc#8153>: !animate test
[COMMAND] `!animate test` by `Orevarc#8153` in `[infosphere-test] - #general`
Starting new HTTPS connection (1): www.googleapis.com
PyNaCl is not installed, voice will NOT be supported
on_ready has successfully been registered as an event
on_message has successfully been registered as an event
on_message_edit has successfully been registered as an event
on_command has successfully been registered as an event
on_command_error has successfully been registered as an event
on_server_join has successfully been registered as an event
on_server_remove has successfully been registered as an event
logging in using static token
Created websocket connected to wss://gateway.discord.gg?encoding=json&v=6
sent the identify payload to create the websocket
Failed to load plugin fli:
    ModuleNotFoundError: No module named 'plugins.fli'
Failed to load plugin misc:
    ModuleNotFoundError: No module named 'bfkac'
Failed to load plugin reddit:
    ModuleNotFoundError: No module named 'bfkac'
Failed to load plugin urban:
    ModuleNotFoundError: No module named 'bfkac'
------------------------STATUS------------------------
2017-09-13 19:07:31.907712
Infosphere v0.0.1
Logged in as infosphere-bot#5530 (357582570126442496)
Plugins: google
------------------------STATUS------------------------
[infosphere-test - #general] <Orevarc#8153>: !animate test
[COMMAND] `!animate test` by `Orevarc#8153` in `[infosphere-test] - #general`
Starting new HTTPS connection (1): www.googleapis.com
PyNaCl is not installed, voice will NOT be supported
on_ready has successfully been registered as an event
on_message has successfully been registered as an event
on_message_edit has successfully been registered as an event
on_command has successfully been registered as an event
on_command_error has successfully been registered as an event
on_server_join has successfully been registered as an event
on_server_remove has successfully been registered as an event
logging in using static token
Created websocket connected to wss://gateway.discord.gg?encoding=json&v=6
sent the identify payload to create the websocket
Failed to load plugin fli:
    ModuleNotFoundError: No module named 'plugins.fli'
Failed to load plugin google:
    SyntaxError: 'yield from' inside async function (google.py, line 151)
Failed to load plugin misc:
    ModuleNotFoundError: No module named 'bfkac'
Failed to load plugin reddit:
    ModuleNotFoundError: No module named 'bfkac'
Failed to load plugin urban:
    ModuleNotFoundError: No module named 'bfkac'
------------------------STATUS------------------------
2017-09-13 19:08:20.810619
Infosphere v0.0.1
Logged in as infosphere-bot#5530 (357582570126442496)
Plugins: 
------------------------STATUS------------------------
[infosphere-test - #general] <Orevarc#8153>: !animate test
PyNaCl is not installed, voice will NOT be supported
on_ready has successfully been registered as an event
on_message has successfully been registered as an event
on_message_edit has successfully been registered as an event
on_command has successfully been registered as an event
on_command_error has successfully been registered as an event
on_server_join has successfully been registered as an event
on_server_remove has successfully been registered as an event
logging in using static token
Created websocket connected to wss://gateway.discord.gg?encoding=json&v=6
sent the identify payload to create the websocket
Failed to load plugin fli:
    ModuleNotFoundError: No module named 'plugins.fli'
Failed to load plugin google:
    SyntaxError: 'yield from' inside async function (google.py, line 145)
Failed to load plugin misc:
    ModuleNotFoundError: No module named 'bfkac'
Failed to load plugin reddit:
    ModuleNotFoundError: No module named 'bfkac'
Failed to load plugin urban:
    ModuleNotFoundError: No module named 'bfkac'
------------------------STATUS------------------------
2017-09-13 19:08:57.846021
Infosphere v0.0.1
Logged in as infosphere-bot#5530 (357582570126442496)
Plugins: 
------------------------STATUS------------------------
We have stopped responding to the gateway.
Failing the WebSocket connection: 1011 
Websocket closed with 1006 (), attempting a reconnect.
Got ResumeWebSocket
PyNaCl is not installed, voice will NOT be supported
on_ready has successfully been registered as an event
on_message has successfully been registered as an event
on_message_edit has successfully been registered as an event
on_command has successfully been registered as an event
on_command_error has successfully been registered as an event
on_server_join has successfully been registered as an event
on_server_remove has successfully been registered as an event
logging in using static token
Created websocket connected to wss://gateway.discord.gg?encoding=json&v=6
sent the identify payload to create the websocket
Failed to load plugin fli:
    ModuleNotFoundError: No module named 'plugins.fli'
Failed to load plugin misc:
    ModuleNotFoundError: No module named 'bfkac'
Failed to load plugin reddit:
    ModuleNotFoundError: No module named 'bfkac'
Failed to load plugin urban:
    ModuleNotFoundError: No module named 'bfkac'
------------------------STATUS------------------------
2017-09-13 22:56:49.168922
Infosphere v0.0.1
Logged in as infosphere-bot#5530 (357582570126442496)
Plugins: google
------------------------STATUS------------------------
[infosphere-test - #general] <Orevarc#8153>: !animate test
[COMMAND] `!animate test` by `Orevarc#8153` in `[infosphere-test] - #general`
Starting new HTTPS connection (1): www.googleapis.com
We have stopped responding to the gateway.
Failing the WebSocket connection: 1011 
Websocket closed with 1006 (), attempting a reconnect.
Got ResumeWebSocket
Created websocket connected to wss://gateway.discord.gg?encoding=json&v=6
sent the resume payload to create the websocket
Failed to load plugin fli:
    ModuleNotFoundError: No module named 'plugins.fli'
Failed to load plugin misc:
    ModuleNotFoundError: No module named 'bfkac'
Failed to load plugin reddit:
    ModuleNotFoundError: No module named 'bfkac'
Failed to load plugin urban:
    ModuleNotFoundError: No module named 'bfkac'
------------------------STATUS------------------------
2017-09-14 02:00:07.471987
Infosphere v0.0.1
Logged in as infosphere-bot#5530 (357582570126442496)
Plugins: google, google
------------------------STATUS------------------------
We have stopped responding to the gateway.
Failing the WebSocket connection: 1011 
Websocket closed with 1006 (), attempting a reconnect.
Got ResumeWebSocket
Created websocket connected to wss://gateway.discord.gg?encoding=json&v=6
sent the resume payload to create the websocket
Failed to load plugin fli:
    ModuleNotFoundError: No module named 'plugins.fli'
Failed to load plugin misc:
    ModuleNotFoundError: No module named 'bfkac'
Failed to load plugin reddit:
    ModuleNotFoundError: No module named 'bfkac'
Failed to load plugin urban:
    ModuleNotFoundError: No module named 'bfkac'
------------------------STATUS------------------------
2017-09-14 03:01:49.748155
Infosphere v0.0.1
Logged in as infosphere-bot#5530 (357582570126442496)
Plugins: google, google, google
------------------------STATUS------------------------
We have stopped responding to the gateway.
Failing the WebSocket connection: 1011 
Websocket closed with 1006 (), attempting a reconnect.
Got ResumeWebSocket
Created websocket connected to wss://gateway.discord.gg?encoding=json&v=6
sent the resume payload to create the websocket
Failed to load plugin fli:
    ModuleNotFoundError: No module named 'plugins.fli'
Failed to load plugin misc:
    ModuleNotFoundError: No module named 'bfkac'
Failed to load plugin reddit:
    ModuleNotFoundError: No module named 'bfkac'
Failed to load plugin urban:
    ModuleNotFoundError: No module named 'bfkac'
------------------------STATUS------------------------
2017-09-14 04:02:36.115122
Infosphere v0.0.1
Logged in as infosphere-bot#5530 (357582570126442496)
Plugins: google, google, google, google
------------------------STATUS------------------------
We have stopped responding to the gateway.
Failing the WebSocket connection: 1011 
Websocket closed with 1006 (), attempting a reconnect.
Got ResumeWebSocket
Created websocket connected to wss://gateway.discord.gg?encoding=json&v=6
sent the resume payload to create the websocket
Failed to load plugin fli:
    ModuleNotFoundError: No module named 'plugins.fli'
Failed to load plugin misc:
    ModuleNotFoundError: No module named 'bfkac'
Failed to load plugin reddit:
    ModuleNotFoundError: No module named 'bfkac'
Failed to load plugin urban:
    ModuleNotFoundError: No module named 'bfkac'
------------------------STATUS------------------------
2017-09-14 05:03:04.185262
Infosphere v0.0.1
Logged in as infosphere-bot#5530 (357582570126442496)
Plugins: google, google, google, google, google
------------------------STATUS------------------------
We have stopped responding to the gateway.
Failing the WebSocket connection: 1011 
Websocket closed with 1006 (), attempting a reconnect.
Got ResumeWebSocket
Created websocket connected to wss://gateway.discord.gg?encoding=json&v=6
sent the resume payload to create the websocket
Failed to load plugin fli:
    ModuleNotFoundError: No module named 'plugins.fli'
Failed to load plugin misc:
    ModuleNotFoundError: No module named 'bfkac'
Failed to load plugin reddit:
    ModuleNotFoundError: No module named 'bfkac'
Failed to load plugin urban:
    ModuleNotFoundError: No module named 'bfkac'
------------------------STATUS------------------------
2017-09-14 06:04:06.176480
Infosphere v0.0.1
Logged in as infosphere-bot#5530 (357582570126442496)
Plugins: google, google, google, google, google, google
------------------------STATUS------------------------
We have stopped responding to the gateway.
Fatal read error on socket transport
protocol: <asyncio.sslproto.SSLProtocol object at 0x111dbfe10>
transport: <_SelectorSocketTransport fd=10 read=polling write=<idle, bufsize=0>>
Traceback (most recent call last):
  File "/Users/Raiden/anaconda/envs/bbytes/lib/python3.6/asyncio/selector_events.py", line 724, in _read_ready
    data = self._sock.recv(self.max_size)
OSError: [Errno 50] Network is down
Failing the WebSocket connection: 1011 
Websocket closed with 1006 (), attempting a reconnect.
Got ResumeWebSocket
Created websocket connected to wss://gateway.discord.gg?encoding=json&v=6
sent the resume payload to create the websocket
Failed to load plugin fli:
    ModuleNotFoundError: No module named 'plugins.fli'
Failed to load plugin misc:
    ModuleNotFoundError: No module named 'bfkac'
Failed to load plugin reddit:
    ModuleNotFoundError: No module named 'bfkac'
Failed to load plugin urban:
    ModuleNotFoundError: No module named 'bfkac'
------------------------STATUS------------------------
2017-09-14 07:04:33.963804
Infosphere v0.0.1
Logged in as infosphere-bot#5530 (357582570126442496)
Plugins: google, google, google, google, google, google, google
------------------------STATUS------------------------
We have stopped responding to the gateway.
Failing the WebSocket connection: 1011 
Websocket closed with 1006 (), attempting a reconnect.
Got ResumeWebSocket
Created websocket connected to wss://gateway.discord.gg?encoding=json&v=6
sent the resume payload to create the websocket
Failed to load plugin fli:
    ModuleNotFoundError: No module named 'plugins.fli'
Failed to load plugin misc:
    ModuleNotFoundError: No module named 'bfkac'
Failed to load plugin reddit:
    ModuleNotFoundError: No module named 'bfkac'
Failed to load plugin urban:
    ModuleNotFoundError: No module named 'bfkac'
------------------------STATUS------------------------
2017-09-14 08:05:36.116804
Infosphere v0.0.1
Logged in as infosphere-bot#5530 (357582570126442496)
Plugins: google, google, google, google, google, google, google, google
------------------------STATUS------------------------
We have stopped responding to the gateway.
Failing the WebSocket connection: 1011 
Websocket closed with 1006 (), attempting a reconnect.
Got ResumeWebSocket
Created websocket connected to wss://gateway.discord.gg?encoding=json&v=6
sent the resume payload to create the websocket
Failed to load plugin fli:
    ModuleNotFoundError: No module named 'plugins.fli'
Failed to load plugin misc:
    ModuleNotFoundError: No module named 'bfkac'
Failed to load plugin reddit:
    ModuleNotFoundError: No module named 'bfkac'
Failed to load plugin urban:
    ModuleNotFoundError: No module named 'bfkac'
------------------------STATUS------------------------
2017-09-14 08:27:25.993486
Infosphere v0.0.1
Logged in as infosphere-bot#5530 (357582570126442496)
Plugins: google, google, google, google, google, google, google, google, google
------------------------STATUS------------------------
We have stopped responding to the gateway.
Failing the WebSocket connection: 1011 
Websocket closed with 1006 (), attempting a reconnect.
Got ResumeWebSocket
Created websocket connected to wss://gateway.discord.gg?encoding=json&v=6
sent the resume payload to create the websocket
Failed to load plugin fli:
    ModuleNotFoundError: No module named 'plugins.fli'
Failed to load plugin misc:
    ModuleNotFoundError: No module named 'bfkac'
Failed to load plugin reddit:
    ModuleNotFoundError: No module named 'bfkac'
Failed to load plugin urban:
    ModuleNotFoundError: No module named 'bfkac'
------------------------STATUS------------------------
2017-09-14 11:09:05.487455
Infosphere v0.0.1
Logged in as infosphere-bot#5530 (357582570126442496)
Plugins: google, google, google, google, google, google, google, google, google, google
------------------------STATUS------------------------
PyNaCl is not installed, voice will NOT be supported
on_ready has successfully been registered as an event
on_message has successfully been registered as an event
on_message_edit has successfully been registered as an event
on_command has successfully been registered as an event
on_command_error has successfully been registered as an event
on_server_join has successfully been registered as an event
on_server_remove has successfully been registered as an event
logging in using static token
Created websocket connected to wss://gateway.discord.gg?encoding=json&v=6
sent the identify payload to create the websocket
Failed to load plugin fli:
    ModuleNotFoundError: No module named 'plugins.fli'
Failed to load plugin misc:
    ModuleNotFoundError: No module named 'bfkac'
Failed to load plugin reddit:
    ModuleNotFoundError: No module named 'bfkac'
Failed to load plugin urban:
    ModuleNotFoundError: No module named 'bfkac'
------------------------STATUS------------------------
2017-09-14 12:23:06.117206
Infosphere v0.0.1
Logged in as infosphere-bot#5530 (357582570126442496)
Plugins: google
------------------------STATUS------------------------
[infosphere-test - #general] <Orevarc#8153>: !animate test
[COMMAND] `!animate test` by `Orevarc#8153` in `[infosphere-test] - #general`
Starting new HTTPS connection (1): www.googleapis.com
PyNaCl is not installed, voice will NOT be supported
on_ready has successfully been registered as an event
on_message has successfully been registered as an event
on_message_edit has successfully been registered as an event
on_command has successfully been registered as an event
on_command_error has successfully been registered as an event
on_server_join has successfully been registered as an event
on_server_remove has successfully been registered as an event
logging in using static token
Created websocket connected to wss://gateway.discord.gg?encoding=json&v=6
sent the identify payload to create the websocket
Failed to load plugin fli:
    ModuleNotFoundError: No module named 'plugins.fli'
Failed to load plugin misc:
    ModuleNotFoundError: No module named 'bfkac'
Failed to load plugin reddit:
    ModuleNotFoundError: No module named 'bfkac'
Failed to load plugin urban:
    ModuleNotFoundError: No module named 'bfkac'
------------------------STATUS------------------------
2017-09-14 12:23:43.917686
Infosphere v0.0.1
Logged in as infosphere-bot#5530 (357582570126442496)
Plugins: google
------------------------STATUS------------------------
[infosphere-test - #general] <Orevarc#8153>: !animate test
[COMMAND] `!animate test` by `Orevarc#8153` in `[infosphere-test] - #general`
Starting new HTTPS connection (1): www.googleapis.com
PyNaCl is not installed, voice will NOT be supported
on_ready has successfully been registered as an event
on_message has successfully been registered as an event
on_message_edit has successfully been registered as an event
on_command has successfully been registered as an event
on_command_error has successfully been registered as an event
on_server_join has successfully been registered as an event
on_server_remove has successfully been registered as an event
logging in using static token
Created websocket connected to wss://gateway.discord.gg?encoding=json&v=6
sent the identify payload to create the websocket
Failed to load plugin fli:
    ModuleNotFoundError: No module named 'plugins.fli'
Failed to load plugin misc:
    ModuleNotFoundError: No module named 'bfkac'
Failed to load plugin reddit:
    ModuleNotFoundError: No module named 'bfkac'
Failed to load plugin urban:
    ModuleNotFoundError: No module named 'bfkac'
------------------------STATUS------------------------
2017-09-14 12:24:55.019511
Infosphere v0.0.1
Logged in as infosphere-bot#5530 (357582570126442496)
Plugins: google
------------------------STATUS------------------------
[infosphere-test - #general] <Orevarc#8153>: !animate test
[COMMAND] `!animate test` by `Orevarc#8153` in `[infosphere-test] - #general`
Starting new HTTPS connection (1): www.googleapis.com
[infosphere-test - #general] <infosphere-bot#5530>: http://rebutscience.weebly.com/uploads/2/5/1/5/2515798/388278_orig.gif
[infosphere-test - #general] <Orevarc#8153>: !animate mind blown
[COMMAND] `!animate mind blown` by `Orevarc#8153` in `[infosphere-test] - #general`
Starting new HTTPS connection (1): www.googleapis.com
[infosphere-test - #general] <infosphere-bot#5530>: http://stream1.gifsoup.com/view3/1807761/mind-blown-o.gif
[infosphere-test - #general] <Orevarc#8153>: !animate mind blown
[COMMAND] `!animate mind blown` by `Orevarc#8153` in `[infosphere-test] - #general`
Starting new HTTPS connection (1): www.googleapis.com
[infosphere-test - #general] <infosphere-bot#5530>: https://m.popkey.co/9987be/dX8Kw_f-maxage-0.gif
[infosphere-test - #general] <Orevarc#8153>: !animate mind blown tim
[COMMAND] `!animate mind blown tim` by `Orevarc#8153` in `[infosphere-test] - #general`
Starting new HTTPS connection (1): www.googleapis.com
[infosphere-test - #general] <infosphere-bot#5530>: http://media.tumblr.com/c6b58168941604c6f70d0e7bd205175c/tumblr_inline_mw6xok8MvG1qaj19j.gif
[infosphere-test - #general] <Orevarc#8153>: !animate homer into bush
[COMMAND] `!animate homer into bush` by `Orevarc#8153` in `[infosphere-test] - #general`
Starting new HTTPS connection (1): www.googleapis.com
[infosphere-test - #general] <infosphere-bot#5530>: https://media.giphy.com/media/4pMX5rJ4PYAEM/200.gif
[infosphere-test - #general] <Orevarc#8153>: !img homer
[COMMAND] `!img homer` by `Orevarc#8153` in `[infosphere-test] - #general`
PyNaCl is not installed, voice will NOT be supported
on_ready has successfully been registered as an event
on_message has successfully been registered as an event
on_message_edit has successfully been registered as an event
on_command has successfully been registered as an event
on_command_error has successfully been registered as an event
on_server_join has successfully been registered as an event
on_server_remove has successfully been registered as an event
logging in using static token
Created websocket connected to wss://gateway.discord.gg?encoding=json&v=6
sent the identify payload to create the websocket
Failed to load plugin fli:
    ModuleNotFoundError: No module named 'plugins.fli'
Failed to load plugin misc:
    ModuleNotFoundError: No module named 'bfkac'
Failed to load plugin reddit:
    ModuleNotFoundError: No module named 'bfkac'
Failed to load plugin urban:
    ModuleNotFoundError: No module named 'bfkac'
------------------------STATUS------------------------
2017-09-14 12:28:16.558363
Infosphere v0.0.1
Logged in as infosphere-bot#5530 (357582570126442496)
Plugins: google
------------------------STATUS------------------------
[infosphere-test - #general] <Orevarc#8153>: Ianimate homer
[infosphere-test - #general] <Orevarc#8153>: !animate homer
[COMMAND] `!animate homer` by `Orevarc#8153` in `[infosphere-test] - #general`
PyNaCl is not installed, voice will NOT be supported
on_ready has successfully been registered as an event
on_message has successfully been registered as an event
on_message_edit has successfully been registered as an event
on_command has successfully been registered as an event
on_command_error has successfully been registered as an event
on_server_join has successfully been registered as an event
on_server_remove has successfully been registered as an event
logging in using static token
Created websocket connected to wss://gateway.discord.gg?encoding=json&v=6
sent the identify payload to create the websocket
Failed to load plugin fli:
    ModuleNotFoundError: No module named 'plugins.fli'
Failed to load plugin google:
    IndentationError: unindent does not match any outer indentation level (google.py, line 129)
Failed to load plugin misc:
    ModuleNotFoundError: No module named 'bfkac'
Failed to load plugin reddit:
    ModuleNotFoundError: No module named 'bfkac'
Failed to load plugin urban:
    ModuleNotFoundError: No module named 'bfkac'
------------------------STATUS------------------------
2017-09-14 12:34:13.657034
Infosphere v0.0.1
Logged in as infosphere-bot#5530 (357582570126442496)
Plugins: 
------------------------STATUS------------------------
[infosphere-test - #general] <Orevarc#8153>: !animate homer
PyNaCl is not installed, voice will NOT be supported
on_ready has successfully been registered as an event
on_message has successfully been registered as an event
on_message_edit has successfully been registered as an event
on_command has successfully been registered as an event
on_command_error has successfully been registered as an event
on_server_join has successfully been registered as an event
on_server_remove has successfully been registered as an event
logging in using static token
Created websocket connected to wss://gateway.discord.gg?encoding=json&v=6
sent the identify payload to create the websocket
Failed to load plugin fli:
    ModuleNotFoundError: No module named 'plugins.fli'
Failed to load plugin misc:
    ModuleNotFoundError: No module named 'bfkac'
Failed to load plugin reddit:
    ModuleNotFoundError: No module named 'bfkac'
Failed to load plugin urban:
    ModuleNotFoundError: No module named 'bfkac'
------------------------STATUS------------------------
2017-09-14 12:35:06.365862
Infosphere v0.0.1
Logged in as infosphere-bot#5530 (357582570126442496)
Plugins: google
------------------------STATUS------------------------
[infosphere-test - #general] <Orevarc#8153>: !animate homer
[COMMAND] `!animate homer` by `Orevarc#8153` in `[infosphere-test] - #general`
PyNaCl is not installed, voice will NOT be supported
on_ready has successfully been registered as an event
on_message has successfully been registered as an event
on_message_edit has successfully been registered as an event
on_command has successfully been registered as an event
on_command_error has successfully been registered as an event
on_server_join has successfully been registered as an event
on_server_remove has successfully been registered as an event
logging in using static token
Created websocket connected to wss://gateway.discord.gg?encoding=json&v=6
sent the identify payload to create the websocket
Failed to load plugin fli:
    ModuleNotFoundError: No module named 'plugins.fli'
Failed to load plugin misc:
    ModuleNotFoundError: No module named 'bfkac'
Failed to load plugin reddit:
    ModuleNotFoundError: No module named 'bfkac'
Failed to load plugin urban:
    ModuleNotFoundError: No module named 'bfkac'
------------------------STATUS------------------------
2017-09-14 12:49:23.339806
Infosphere v0.0.1
Logged in as infosphere-bot#5530 (357582570126442496)
Plugins: google
------------------------STATUS------------------------
[infosphere-test - #general] <Orevarc#8153>: !animate homer
[COMMAND] `!animate homer` by `Orevarc#8153` in `[infosphere-test] - #general`
Starting new HTTPS connection (1): www.googleapis.com
[infosphere-test - #general] <infosphere-bot#5530>: https://media.giphy.com/media/k6Vbs4FyOEbZK/giphy.gif
[infosphere-test - #general] <Orevarc#8153>: !img homer
[COMMAND] `!img homer` by `Orevarc#8153` in `[infosphere-test] - #general`
PyNaCl is not installed, voice will NOT be supported
on_ready has successfully been registered as an event
on_message has successfully been registered as an event
on_message_edit has successfully been registered as an event
on_command has successfully been registered as an event
on_command_error has successfully been registered as an event
on_server_join has successfully been registered as an event
on_server_remove has successfully been registered as an event
logging in using static token
Created websocket connected to wss://gateway.discord.gg?encoding=json&v=6
sent the identify payload to create the websocket
Failed to load plugin fli:
    ModuleNotFoundError: No module named 'plugins.fli'
Failed to load plugin misc:
    ModuleNotFoundError: No module named 'bfkac'
Failed to load plugin reddit:
    ModuleNotFoundError: No module named 'bfkac'
Failed to load plugin urban:
    ModuleNotFoundError: No module named 'bfkac'
------------------------STATUS------------------------
2017-09-14 12:50:08.862021
Infosphere v0.0.1
Logged in as infosphere-bot#5530 (357582570126442496)
Plugins: google
------------------------STATUS------------------------
[infosphere-test - #general] <Orevarc#8153>: !img homer
[COMMAND] `!img homer` by `Orevarc#8153` in `[infosphere-test] - #general`
PyNaCl is not installed, voice will NOT be supported
on_ready has successfully been registered as an event
on_message has successfully been registered as an event
on_message_edit has successfully been registered as an event
on_command has successfully been registered as an event
on_command_error has successfully been registered as an event
on_server_join has successfully been registered as an event
on_server_remove has successfully been registered as an event
logging in using static token
Created websocket connected to wss://gateway.discord.gg?encoding=json&v=6
sent the identify payload to create the websocket
Failed to load plugin fli:
    ModuleNotFoundError: No module named 'plugins.fli'
Failed to load plugin misc:
    ModuleNotFoundError: No module named 'bfkac'
Failed to load plugin reddit:
    ModuleNotFoundError: No module named 'bfkac'
Failed to load plugin urban:
    ModuleNotFoundError: No module named 'bfkac'
------------------------STATUS------------------------
2017-09-14 12:51:09.976200
Infosphere v0.0.1
Logged in as infosphere-bot#5530 (357582570126442496)
Plugins: google
------------------------STATUS------------------------
[infosphere-test - #general] <Orevarc#8153>: !img homer
[COMMAND] `!img homer` by `Orevarc#8153` in `[infosphere-test] - #general`
Starting new HTTPS connection (1): www.googleapis.com
[infosphere-test - #general] <infosphere-bot#5530>: http://bestanimations.com/Cartoons/Simpsons/Homer/simpsons-homer-animated-gif3.gif
[infosphere-test - #general] <Orevarc#8153>: !img homer
[COMMAND] `!img homer` by `Orevarc#8153` in `[infosphere-test] - #general`
Starting new HTTPS connection (1): www.googleapis.com
[infosphere-test - #general] <infosphere-bot#5530>: http://media3.giphy.com/media/cHw5gruhGb0IM/giphy.gif
[infosphere-test - #general] <Orevarc#8153>: !img bottle
[COMMAND] `!img bottle` by `Orevarc#8153` in `[infosphere-test] - #general`
Starting new HTTPS connection (1): www.googleapis.com
[infosphere-test - #general] <infosphere-bot#5530>: https://media.giphy.com/media/jAYJ0wi7bWfhC/giphy.gif
PyNaCl is not installed, voice will NOT be supported
on_ready has successfully been registered as an event
on_message has successfully been registered as an event
on_message_edit has successfully been registered as an event
on_command has successfully been registered as an event
on_command_error has successfully been registered as an event
on_server_join has successfully been registered as an event
on_server_remove has successfully been registered as an event
logging in using static token
Created websocket connected to wss://gateway.discord.gg?encoding=json&v=6
sent the identify payload to create the websocket
Failed to load plugin fli:
    ModuleNotFoundError: No module named 'plugins.fli'
Failed to load plugin misc:
    ModuleNotFoundError: No module named 'bfkac'
Failed to load plugin reddit:
    ModuleNotFoundError: No module named 'bfkac'
Failed to load plugin urban:
    ModuleNotFoundError: No module named 'bfkac'
------------------------STATUS------------------------
2017-09-14 12:52:07.507493
Infosphere v0.0.1
Logged in as infosphere-bot#5530 (357582570126442496)
Plugins: google
------------------------STATUS------------------------
PyNaCl is not installed, voice will NOT be supported
on_ready has successfully been registered as an event
on_message has successfully been registered as an event
on_message_edit has successfully been registered as an event
on_command has successfully been registered as an event
on_command_error has successfully been registered as an event
on_server_join has successfully been registered as an event
on_server_remove has successfully been registered as an event
logging in using static token
Created websocket connected to wss://gateway.discord.gg?encoding=json&v=6
sent the identify payload to create the websocket
Failed to load plugin fli:
    ModuleNotFoundError: No module named 'plugins.fli'
Failed to load plugin misc:
    ModuleNotFoundError: No module named 'bfkac'
Failed to load plugin reddit:
    ModuleNotFoundError: No module named 'bfkac'
Failed to load plugin urban:
    ModuleNotFoundError: No module named 'bfkac'
------------------------STATUS------------------------
2017-09-14 13:08:26.593940
Infosphere v0.0.1
Logged in as infosphere-bot#5530 (357582570126442496)
Plugins: google
------------------------STATUS------------------------
PyNaCl is not installed, voice will NOT be supported
on_ready has successfully been registered as an event
on_message has successfully been registered as an event
on_message_edit has successfully been registered as an event
on_command has successfully been registered as an event
on_command_error has successfully been registered as an event
on_server_join has successfully been registered as an event
on_server_remove has successfully been registered as an event
logging in using static token
Created websocket connected to wss://gateway.discord.gg?encoding=json&v=6
sent the identify payload to create the websocket
Failed to load plugin misc:
    ModuleNotFoundError: No module named 'bfkac'
Failed to load plugin reddit:
    ModuleNotFoundError: No module named 'bfkac'
Failed to load plugin urban:
    ModuleNotFoundError: No module named 'bfkac'
------------------------STATUS------------------------
2017-09-14 13:09:09.544325
Infosphere v0.0.1
Logged in as infosphere-bot#5530 (357582570126442496)
Plugins: fli, google
------------------------STATUS------------------------
[infosphere-test - #general] <Orevarc#8153>: !flip test
[COMMAND] `!flip test` by `Orevarc#8153` in `[infosphere-test] - #general`
[infosphere-test - #general] <infosphere-bot#5530>: s
PyNaCl is not installed, voice will NOT be supported
on_ready has successfully been registered as an event
on_message has successfully been registered as an event
on_message_edit has successfully been registered as an event
on_command has successfully been registered as an event
on_command_error has successfully been registered as an event
on_server_join has successfully been registered as an event
on_server_remove has successfully been registered as an event
logging in using static token
Created websocket connected to wss://gateway.discord.gg?encoding=json&v=6
sent the identify payload to create the websocket
Failed to load plugin misc:
    ModuleNotFoundError: No module named 'bfkac'
Failed to load plugin reddit:
    ModuleNotFoundError: No module named 'bfkac'
Failed to load plugin urban:
    ModuleNotFoundError: No module named 'bfkac'
------------------------STATUS------------------------
2017-09-14 13:09:58.017029
Infosphere v0.0.1
Logged in as infosphere-bot#5530 (357582570126442496)
Plugins: fli, google
------------------------STATUS------------------------
[infosphere-test - #general] <Orevarc#8153>: !flip test
[COMMAND] `!flip test` by `Orevarc#8153` in `[infosphere-test] - #general`
[infosphere-test - #general] <infosphere-bot#5530>: ( s
[infosphere-test - #general] <Orevarc#8153>: !flip (
[COMMAND] `!flip (` by `Orevarc#8153` in `[infosphere-test] - #general`
[infosphere-test - #general] <infosphere-bot#5530>: ( )
[infosphere-test - #general] <Orevarc#8153>: !flip
[COMMAND] `!flip` by `Orevarc#8153` in `[infosphere-test] - #general`
[infosphere-test - #general] <infosphere-bot#5530>:  Missing argument(s).
[infosphere-test - #general] <Orevarc#8153>: !flip
[COMMAND] `!flip` by `Orevarc#8153` in `[infosphere-test] - #general`
[infosphere-test - #general] <infosphere-bot#5530>:  Missing argument(s).
[infosphere-test - #general] <Orevarc#8153>: !flip table
[COMMAND] `!flip table` by `Orevarc#8153` in `[infosphere-test] - #general`
[infosphere-test - #general] <infosphere-bot#5530>: ( q
[infosphere-test - #general] <Orevarc#8153>: !rageflip {}[]
[COMMAND] `!rageflip {}[]` by `Orevarc#8153` in `[infosphere-test] - #general`
[infosphere-test - #general] <infosphere-bot#5530>: () []{}
PyNaCl is not installed, voice will NOT be supported
on_ready has successfully been registered as an event
on_message has successfully been registered as an event
on_message_edit has successfully been registered as an event
on_command has successfully been registered as an event
on_command_error has successfully been registered as an event
on_server_join has successfully been registered as an event
on_server_remove has successfully been registered as an event
logging in using static token
Created websocket connected to wss://gateway.discord.gg?encoding=json&v=6
sent the identify payload to create the websocket
Failed to load plugin misc:
    ModuleNotFoundError: No module named 'bfkac'
Failed to load plugin reddit:
    TypeError: object() takes no parameters
Failed to load plugin urban:
    ModuleNotFoundError: No module named 'bfkac'
------------------------STATUS------------------------
2017-09-14 13:26:30.055373
Infosphere v0.0.1
Logged in as infosphere-bot#5530 (357582570126442496)
Plugins: fli, google
------------------------STATUS------------------------
PyNaCl is not installed, voice will NOT be supported
on_ready has successfully been registered as an event
on_message has successfully been registered as an event
on_message_edit has successfully been registered as an event
on_command has successfully been registered as an event
on_command_error has successfully been registered as an event
on_server_join has successfully been registered as an event
on_server_remove has successfully been registered as an event
logging in using static token
Created websocket connected to wss://gateway.discord.gg?encoding=json&v=6
sent the identify payload to create the websocket
Failed to load plugin misc:
    ModuleNotFoundError: No module named 'bfkac'
Failed to load plugin urban:
    ModuleNotFoundError: No module named 'bfkac'
------------------------STATUS------------------------
2017-09-14 13:26:55.638013
Infosphere v0.0.1
Logged in as infosphere-bot#5530 (357582570126442496)
Plugins: fli, google, reddit
------------------------STATUS------------------------
[infosphere-test - #general] <Orevarc#8153>: !aww
[COMMAND] `!aww` by `Orevarc#8153` in `[infosphere-test] - #general`
Starting new HTTP connection (1): www.reddit.com
Starting new HTTPS connection (1): www.reddit.com
[infosphere-test - #general] <Orevarc#8153>: !eww
[COMMAND] `!eww` by `Orevarc#8153` in `[infosphere-test] - #general`
Starting new HTTP connection (1): www.reddit.com
Starting new HTTPS connection (1): www.reddit.com
PyNaCl is not installed, voice will NOT be supported
on_ready has successfully been registered as an event
on_message has successfully been registered as an event
on_message_edit has successfully been registered as an event
on_command has successfully been registered as an event
on_command_error has successfully been registered as an event
on_server_join has successfully been registered as an event
on_server_remove has successfully been registered as an event
logging in using static token
Created websocket connected to wss://gateway.discord.gg?encoding=json&v=6
sent the identify payload to create the websocket
Failed to load plugin misc:
    ModuleNotFoundError: No module named 'bfkac'
Failed to load plugin urban:
    ModuleNotFoundError: No module named 'bfkac'
------------------------STATUS------------------------
2017-09-14 13:28:20.594248
Infosphere v0.0.1
Logged in as infosphere-bot#5530 (357582570126442496)
Plugins: fli, google, reddit
------------------------STATUS------------------------
[infosphere-test - #general] <Orevarc#8153>: !aww
[COMMAND] `!aww` by `Orevarc#8153` in `[infosphere-test] - #general`
Starting new HTTP connection (1): www.reddit.com
Starting new HTTPS connection (1): www.reddit.com
PyNaCl is not installed, voice will NOT be supported
on_ready has successfully been registered as an event
on_message has successfully been registered as an event
on_message_edit has successfully been registered as an event
on_command has successfully been registered as an event
on_command_error has successfully been registered as an event
on_server_join has successfully been registered as an event
on_server_remove has successfully been registered as an event
logging in using static token
Created websocket connected to wss://gateway.discord.gg?encoding=json&v=6
sent the identify payload to create the websocket
Failed to load plugin misc:
    ModuleNotFoundError: No module named 'bfkac'
Failed to load plugin urban:
    ModuleNotFoundError: No module named 'bfkac'
------------------------STATUS------------------------
2017-09-14 13:28:47.754712
Infosphere v0.0.1
Logged in as infosphere-bot#5530 (357582570126442496)
Plugins: fli, google, reddit
------------------------STATUS------------------------
[infosphere-test - #general] <Orevarc#8153>: !aww
[COMMAND] `!aww` by `Orevarc#8153` in `[infosphere-test] - #general`
Starting new HTTP connection (1): www.reddit.com
Starting new HTTPS connection (1): www.reddit.com
PyNaCl is not installed, voice will NOT be supported
on_ready has successfully been registered as an event
on_message has successfully been registered as an event
on_message_edit has successfully been registered as an event
on_command has successfully been registered as an event
on_command_error has successfully been registered as an event
on_server_join has successfully been registered as an event
on_server_remove has successfully been registered as an event
logging in using static token
Created websocket connected to wss://gateway.discord.gg?encoding=json&v=6
sent the identify payload to create the websocket
Failed to load plugin misc:
    ModuleNotFoundError: No module named 'bfkac'
Failed to load plugin urban:
    ModuleNotFoundError: No module named 'bfkac'
------------------------STATUS------------------------
2017-09-14 13:29:27.467375
Infosphere v0.0.1
Logged in as infosphere-bot#5530 (357582570126442496)
Plugins: fli, google, reddit
------------------------STATUS------------------------
PyNaCl is not installed, voice will NOT be supported
on_ready has successfully been registered as an event
on_message has successfully been registered as an event
on_message_edit has successfully been registered as an event
on_command has successfully been registered as an event
on_command_error has successfully been registered as an event
on_server_join has successfully been registered as an event
on_server_remove has successfully been registered as an event
logging in using static token
Created websocket connected to wss://gateway.discord.gg?encoding=json&v=6
sent the identify payload to create the websocket
Failed to load plugin misc:
    ModuleNotFoundError: No module named 'bfkac'
Failed to load plugin urban:
    ModuleNotFoundError: No module named 'bfkac'
------------------------STATUS------------------------
2017-09-14 13:29:47.168187
Infosphere v0.0.1
Logged in as infosphere-bot#5530 (357582570126442496)
Plugins: fli, google, reddit
------------------------STATUS------------------------
[infosphere-test - #general] <Orevarc#8153>: !aww
[COMMAND] `!aww` by `Orevarc#8153` in `[infosphere-test] - #general`
Starting new HTTP connection (1): www.reddit.com
Starting new HTTPS connection (1): www.reddit.com
[infosphere-test - #general] <Orevarc#8153>: !face mike
[COMMAND] `!face mike` by `Orevarc#8153` in `[infosphere-test] - #general`
Starting new HTTPS connection (1): www.googleapis.com
[infosphere-test - #general] <infosphere-bot#5530>: https://upload.wikimedia.org/wikipedia/en/7/7b/Mike_Pollock_Headshot.jpg
[infosphere-test - #general] <Orevarc#8153>: !face bradley chong
[COMMAND] `!face bradley chong` by `Orevarc#8153` in `[infosphere-test] - #general`
Starting new HTTPS connection (1): www.googleapis.com
[infosphere-test - #general] <infosphere-bot#5530>: https://media.licdn.com/mpr/mpr/shrinknp_200_200/p/1/000/23c/193/3192abd.jpg
[infosphere-test - #general] <Orevarc#8153>: !face antoni piotrowski
[COMMAND] `!face antoni piotrowski` by `Orevarc#8153` in `[infosphere-test] - #general`
Starting new HTTPS connection (1): www.googleapis.com
[infosphere-test - #general] <infosphere-bot#5530>: http://images.arcadja.com/piotrowski_antoni-l_arrestation_d_un_gentilhomme_polona~OM8e9300~10675_20170516_73_1170.jpg
[infosphere-test - #general] <Orevarc#8153>: !face michael cravero
[COMMAND] `!face michael cravero` by `Orevarc#8153` in `[infosphere-test] - #general`
Starting new HTTPS connection (1): www.googleapis.com
[infosphere-test - #general] <infosphere-bot#5530>: https://lh3.googleusercontent.com/Q-IKZY563uyco9kHBDba80a8WRgt0-J53o_8WyDMS3ZlD8IRBVdw2KWetnvccEPgtaRTMl-vKw=w360-c-h180-e100-v1
[infosphere-test - #general] <Orevarc#8153>: !face michael cravero
[COMMAND] `!face michael cravero` by `Orevarc#8153` in `[infosphere-test] - #general`
Starting new HTTPS connection (1): www.googleapis.com
[infosphere-test - #general] <infosphere-bot#5530>: https://pbs.twimg.com/profile_images/587023377824612352/TS-rMopo_400x400.jpg
[infosphere-test - #general] <Orevarc#8153>: !face shawn burant
[COMMAND] `!face shawn burant` by `Orevarc#8153` in `[infosphere-test] - #general`
Starting new HTTPS connection (1): www.googleapis.com
[infosphere-test - #general] <infosphere-bot#5530>: http://images.peekyou.com/4065/6424/shawn_burant_406564242.jpeg
[infosphere-test - #general] <Orevarc#8153>: !face shawn burant
[COMMAND] `!face shawn burant` by `Orevarc#8153` in `[infosphere-test] - #general`
Starting new HTTPS connection (1): www.googleapis.com
[infosphere-test - #general] <infosphere-bot#5530>: https://pbs.twimg.com/media/A_-He2ZCQAA5awO.jpg
[infosphere-test - #general] <Orevarc#8153>: !face saad kabir
[COMMAND] `!face saad kabir` by `Orevarc#8153` in `[infosphere-test] - #general`
Starting new HTTPS connection (1): www.googleapis.com
[infosphere-test - #general] <infosphere-bot#5530>: https://lh5.googleusercontent.com/-wd8FiMVAsG4/AAAAAAAAAAI/AAAAAAAAEjs/nC-ZGHb1CIs/photo.jpg
PyNaCl is not installed, voice will NOT be supported
on_ready has successfully been registered as an event
on_message has successfully been registered as an event
on_message_edit has successfully been registered as an event
on_command has successfully been registered as an event
on_command_error has successfully been registered as an event
on_server_join has successfully been registered as an event
on_server_remove has successfully been registered as an event
logging in using static token
Created websocket connected to wss://gateway.discord.gg?encoding=json&v=6
sent the identify payload to create the websocket
Failed to load plugin misc:
    ModuleNotFoundError: No module named 'bfkac'
Failed to load plugin urban:
    ModuleNotFoundError: No module named 'bfkac'
------------------------STATUS------------------------
2017-09-14 13:35:37.498851
Infosphere v0.0.1
Logged in as infosphere-bot#5530 (357582570126442496)
Plugins: fli, google, reddit
------------------------STATUS------------------------
[infosphere-test - #general] <Orevarc#8153>: !aww
[COMMAND] `!aww` by `Orevarc#8153` in `[infosphere-test] - #general`
Starting new HTTP connection (1): www.reddit.com
Starting new HTTPS connection (1): www.reddit.com
PyNaCl is not installed, voice will NOT be supported
on_ready has successfully been registered as an event
on_message has successfully been registered as an event
on_message_edit has successfully been registered as an event
on_command has successfully been registered as an event
on_command_error has successfully been registered as an event
on_server_join has successfully been registered as an event
on_server_remove has successfully been registered as an event
logging in using static token
Created websocket connected to wss://gateway.discord.gg?encoding=json&v=6
sent the identify payload to create the websocket
Failed to load plugin misc:
    ModuleNotFoundError: No module named 'bfkac'
Failed to load plugin urban:
    ModuleNotFoundError: No module named 'bfkac'
------------------------STATUS------------------------
2017-09-14 13:36:09.281946
Infosphere v0.0.1
Logged in as infosphere-bot#5530 (357582570126442496)
Plugins: fli, google, reddit
------------------------STATUS------------------------
[infosphere-test - #general] <Orevarc#8153>: !aww
[COMMAND] `!aww` by `Orevarc#8153` in `[infosphere-test] - #general`
Starting new HTTPS connection (1): www.reddit.com
PyNaCl is not installed, voice will NOT be supported
on_ready has successfully been registered as an event
on_message has successfully been registered as an event
on_message_edit has successfully been registered as an event
on_command has successfully been registered as an event
on_command_error has successfully been registered as an event
on_server_join has successfully been registered as an event
on_server_remove has successfully been registered as an event
logging in using static token
Created websocket connected to wss://gateway.discord.gg?encoding=json&v=6
sent the identify payload to create the websocket
Failed to load plugin misc:
    ModuleNotFoundError: No module named 'bfkac'
Failed to load plugin urban:
    ModuleNotFoundError: No module named 'bfkac'
------------------------STATUS------------------------
2017-09-14 13:36:49.024425
Infosphere v0.0.1
Logged in as infosphere-bot#5530 (357582570126442496)
Plugins: fli, google, reddit
------------------------STATUS------------------------
[infosphere-test - #general] <Orevarc#8153>: !aww
Starting new HTTPS connection (1): www.reddit.com
[COMMAND] `!aww` by `Orevarc#8153` in `[infosphere-test] - #general`
_GatheringFuture exception was never retrieved
future: <_GatheringFuture finished exception=KeyboardInterrupt()>
Traceback (most recent call last):
  File "/Users/Raiden/anaconda/envs/bbytes/lib/python3.6/site-packages/discord/client.py", line 519, in run
    self.loop.run_until_complete(self.start(*args, **kwargs))
  File "/Users/Raiden/anaconda/envs/bbytes/lib/python3.6/asyncio/base_events.py", line 454, in run_until_complete
    self.run_forever()
  File "/Users/Raiden/anaconda/envs/bbytes/lib/python3.6/asyncio/base_events.py", line 421, in run_forever
    self._run_once()
  File "/Users/Raiden/anaconda/envs/bbytes/lib/python3.6/asyncio/base_events.py", line 1425, in _run_once
    handle._run()
  File "/Users/Raiden/anaconda/envs/bbytes/lib/python3.6/asyncio/events.py", line 127, in _run
    self._callback(*self._args)
  File "/Users/Raiden/anaconda/envs/bbytes/lib/python3.6/site-packages/discord/client.py", line 307, in _run_event
    yield from getattr(self, event)(*args, **kwargs)
  File "infosphere.py", line 151, in on_message
    await bot.process_commands(msg)
  File "/Users/Raiden/anaconda/envs/bbytes/lib/python3.6/site-packages/discord/ext/commands/bot.py", line 846, in process_commands
    yield from command.invoke(ctx)
  File "/Users/Raiden/anaconda/envs/bbytes/lib/python3.6/site-packages/discord/ext/commands/core.py", line 374, in invoke
    yield from injected(*ctx.args, **ctx.kwargs)
  File "/Users/Raiden/anaconda/envs/bbytes/lib/python3.6/site-packages/discord/ext/commands/core.py", line 50, in wrapped
    ret = yield from coro(*args, **kwargs)
  File "/Users/Raiden/Documents/apps/personal/infosphere/plugins/reddit.py", line 50, in aww
    @c.command(name='aww')
  File "/Users/Raiden/Documents/apps/personal/infosphere/plugins/reddit.py", line 31, in get_reddit
    while True:
KeyboardInterrupt
PyNaCl is not installed, voice will NOT be supported
on_ready has successfully been registered as an event
on_message has successfully been registered as an event
on_message_edit has successfully been registered as an event
on_command has successfully been registered as an event
on_command_error has successfully been registered as an event
on_server_join has successfully been registered as an event
on_server_remove has successfully been registered as an event
logging in using static token
Created websocket connected to wss://gateway.discord.gg?encoding=json&v=6
sent the identify payload to create the websocket
Failed to load plugin misc:
    ModuleNotFoundError: No module named 'bfkac'
Failed to load plugin urban:
    ModuleNotFoundError: No module named 'bfkac'
------------------------STATUS------------------------
2017-09-14 13:37:45.057222
Infosphere v0.0.1
Logged in as infosphere-bot#5530 (357582570126442496)
Plugins: fli, google, reddit
------------------------STATUS------------------------
[infosphere-test - #general] <Orevarc#8153>: !aww
[COMMAND] `!aww` by `Orevarc#8153` in `[infosphere-test] - #general`
Starting new HTTPS connection (1): www.reddit.com
[infosphere-test - #general] <infosphere-bot#5530>: I found a picture of him bleping. Important. https://i.redd.it/v8d4kwkeorlz.jpg
[infosphere-test - #general] <Orevarc#8153>: !eww
[COMMAND] `!eww` by `Orevarc#8153` in `[infosphere-test] - #general`
Starting new HTTPS connection (1): www.reddit.com
[infosphere-test - #general] <infosphere-bot#5530>: What kind of Mantis??? Looks injured https://i.redd.it/r4dx039bcvlz.jpg
[infosphere-test - #general] <Orevarc#8153>: !aww
[COMMAND] `!aww` by `Orevarc#8153` in `[infosphere-test] - #general`
Starting new HTTPS connection (1): www.reddit.com
[infosphere-test - #general] <infosphere-bot#5530>: Yoga Ball Exercise are FUN! https://i.imgur.com/b3CIJgF.gifv
We have stopped responding to the gateway.
Websocket closed with None (), attempting a reconnect.
Got ResumeWebSocket
PyNaCl is not installed, voice will NOT be supported
on_ready has successfully been registered as an event
on_message has successfully been registered as an event
on_message_edit has successfully been registered as an event
on_command has successfully been registered as an event
on_command_error has successfully been registered as an event
on_server_join has successfully been registered as an event
on_server_remove has successfully been registered as an event
logging in using static token
Created websocket connected to wss://gateway.discord.gg?encoding=json&v=6
sent the identify payload to create the websocket
Failed to load plugin misc:
    ModuleNotFoundError: No module named 'bfkac'
Failed to load plugin urban:
    ModuleNotFoundError: No module named 'bfkac'
------------------------STATUS------------------------
2017-09-14 13:48:23.814690
Infosphere v0.0.1
Logged in as infosphere-bot#5530 (357582570126442496)
Plugins: fli, google, reddit
------------------------STATUS------------------------
[infosphere-test - #general] <Orevarc#8153>: !woah
[COMMAND] `!woah` by `Orevarc#8153` in `[infosphere-test] - #general`
Starting new HTTPS connection (1): www.reddit.com
[infosphere-test - #general] <infosphere-bot#5530>: Y'all liked my other Mardi Gras Indian so much I did another [OC] https://v.redd.it/te2je5sh6vlz
[infosphere-test - #general] <Orevarc#8153>: !its
PyNaCl is not installed, voice will NOT be supported
on_ready has successfully been registered as an event
on_message has successfully been registered as an event
on_message_edit has successfully been registered as an event
on_command has successfully been registered as an event
on_command_error has successfully been registered as an event
on_server_join has successfully been registered as an event
on_server_remove has successfully been registered as an event
logging in using static token
Created websocket connected to wss://gateway.discord.gg?encoding=json&v=6
sent the identify payload to create the websocket
Failed to load plugin misc:
    ModuleNotFoundError: No module named 'bfkac'
Failed to load plugin urban:
    ModuleNotFoundError: No module named 'bfkac'
------------------------STATUS------------------------
2017-09-14 13:49:20.420192
Infosphere v0.0.1
Logged in as infosphere-bot#5530 (357582570126442496)
Plugins: fli, google, reddit
------------------------STATUS------------------------
[infosphere-test - #general] <Orevarc#8153>: !its
[COMMAND] `!its` by `Orevarc#8153` in `[infosphere-test] - #general`
Starting new HTTPS connection (1): www.reddit.com
[infosphere-test - #general] <infosphere-bot#5530>: Leopards playing tug of war with a rock python  https://i.redd.it/8z2l1e3fntlz.jpg
[infosphere-test - #general] <Orevarc#8153>: !loop water
[COMMAND] `!loop water` by `Orevarc#8153` in `[infosphere-test] - #general`
Starting new HTTPS connection (1): www.reddit.com
[infosphere-test - #general] <infosphere-bot#5530>: Majestic multi-tasking [L] http://i.imgur.com/yBS2UA5.gifv
PyNaCl is not installed, voice will NOT be supported
on_ready has successfully been registered as an event
on_message has successfully been registered as an event
on_message_edit has successfully been registered as an event
on_command has successfully been registered as an event
on_command_error has successfully been registered as an event
on_server_join has successfully been registered as an event
on_server_remove has successfully been registered as an event
logging in using static token
Created websocket connected to wss://gateway.discord.gg?encoding=json&v=6
sent the identify payload to create the websocket
Failed to load plugin misc:
    ModuleNotFoundError: No module named 'bfkac'
Failed to load plugin urban:
    ModuleNotFoundError: No module named 'bfkac'
------------------------STATUS------------------------
2017-09-14 13:51:09.877723
Infosphere v0.0.1
Logged in as infosphere-bot#5530 (357582570126442496)
Plugins: fli, google, reddit
------------------------STATUS------------------------
[infosphere-test - #general] <Orevarc#8153>: !pubg
[COMMAND] `!pubg` by `Orevarc#8153` in `[infosphere-test] - #general`
Starting new HTTPS connection (1): www.reddit.com
[infosphere-test - #general] <infosphere-bot#5530>: Level 4 Helmet... https://i.redd.it/4fulz4yk7ulz.jpg
[infosphere-test - #general] <Orevarc#8153>: !pubg
[COMMAND] `!pubg` by `Orevarc#8153` in `[infosphere-test] - #general`
Starting new HTTPS connection (1): www.reddit.com
[infosphere-test - #general] <infosphere-bot#5530>: two loot goblins have an intense race https://clips.twitch.tv/AgileSeductiveCarabeefSMOrc
[infosphere-test - #general] <Orevarc#8153>: !pbg
[infosphere-test - #general] <Orevarc#8153>: !pubg
[COMMAND] `!pubg` by `Orevarc#8153` in `[infosphere-test] - #general`
Starting new HTTPS connection (1): www.reddit.com
[infosphere-test - #general] <infosphere-bot#5530>: When you finally have to give up your dreams https://imgur.com/a/SvTOB
